2024-12-09 19:07:31 - chargen - INFO    - Full blacklist written: 0 scanners/attackers detected
2024-12-09 19:07:31 - chargen - INFO    - Weekly blacklist written: 0 scanners/attackers detected
2024-12-09 19:07:31 - chargen - INFO    - Daily blacklist written: 0 scanners/attackers detected
2024-12-09 19:07:31 - chargen - INFO    - Restored previous DB state - 0 unique IPs loaded
2024-12-09 19:07:31 - chargen - INFO    - ChargenPot starting at 0.0.0.0:19
2024-12-09 19:07:31 - chargen - INFO    - Restored previous DB state - 0 unique IPs loaded
2024-12-10 16:00:02 - chargen - INFO    - Full blacklist written: 0 scanners/attackers detected
2024-12-10 16:00:02 - chargen - INFO    - Weekly blacklist written: 0 scanners/attackers detected
2024-12-10 16:00:02 - chargen - INFO    - Daily blacklist written: 0 scanners/attackers detected
2024-12-11 16:00:00 - chargen - INFO    - Full blacklist written: 0 scanners/attackers detected
2024-12-11 16:00:00 - chargen - INFO    - Full blacklist written: 0 scanners/attackers detected
2024-12-11 16:00:00 - chargen - INFO    - Weekly blacklist written: 0 scanners/attackers detected
2024-12-11 16:00:00 - chargen - INFO    - Daily blacklist written: 0 scanners/attackers detected
2024-12-11 16:00:00 - chargen - INFO    - Weekly blacklist written: 0 scanners/attackers detected
2024-12-11 16:00:00 - chargen - INFO    - Daily blacklist written: 0 scanners/attackers detected
2024-12-12 16:00:01 - chargen - INFO    - Full blacklist written: 0 scanners/attackers detected
2024-12-12 16:00:01 - chargen - INFO    - Weekly blacklist written: 0 scanners/attackers detected
2024-12-12 16:00:01 - chargen - INFO    - Daily blacklist written: 0 scanners/attackers detected
2024-12-13 16:00:00 - chargen - INFO    - Full blacklist written: 0 scanners/attackers detected
2024-12-13 16:00:00 - chargen - INFO    - Weekly blacklist written: 0 scanners/attackers detected
2024-12-13 16:00:00 - chargen - INFO    - Daily blacklist written: 0 scanners/attackers detected
2024-12-14 16:00:02 - chargen - INFO    - Full blacklist written: 0 scanners/attackers detected
2024-12-14 16:00:02 - chargen - INFO    - Weekly blacklist written: 0 scanners/attackers detected
2024-12-14 16:00:02 - chargen - INFO    - Daily blacklist written: 0 scanners/attackers detected
2024-12-15 16:00:00 - chargen - INFO    - Full blacklist written: 0 scanners/attackers detected
2024-12-15 16:00:00 - chargen - INFO    - Weekly blacklist written: 0 scanners/attackers detected
2024-12-15 16:00:00 - chargen - INFO    - Daily blacklist written: 0 scanners/attackers detected
2024-12-16 16:00:00 - chargen - INFO    - Full blacklist written: 0 scanners/attackers detected
2024-12-16 16:00:00 - chargen - INFO    - Weekly blacklist written: 0 scanners/attackers detected
2024-12-16 16:00:00 - chargen - INFO    - Daily blacklist written: 0 scanners/attackers detected
2024-12-17 16:00:00 - chargen - INFO    - Full blacklist written: 0 scanners/attackers detected
2024-12-17 16:00:00 - chargen - INFO    - Weekly blacklist written: 0 scanners/attackers detected
2024-12-17 16:00:00 - chargen - INFO    - Daily blacklist written: 0 scanners/attackers detected
2024-12-18 16:00:00 - chargen - INFO    - Full blacklist written: 0 scanners/attackers detected
2024-12-18 16:00:00 - chargen - INFO    - Weekly blacklist written: 0 scanners/attackers detected
2024-12-18 16:00:00 - chargen - INFO    - Daily blacklist written: 0 scanners/attackers detected
