2024-12-09 19:07:31 - generic - INFO    - Full blacklist written: 0 scanners/attackers detected
2024-12-09 19:07:31 - generic - INFO    - Weekly blacklist written: 0 scanners/attackers detected
2024-12-09 19:07:31 - generic - INFO    - Daily blacklist written: 0 scanners/attackers detected
2024-12-09 19:07:31 - generic - INFO    - Restored previous DB state - 0 unique IPs loaded
2024-12-09 19:07:31 - generic - INFO    - GenericPot starting at 0.0.0.0:161
2024-12-10 12:00:01 - generic - INFO    - Full blacklist written: 0 scanners/attackers detected
2024-12-10 12:00:01 - generic - INFO    - Weekly blacklist written: 0 scanners/attackers detected
2024-12-10 12:00:01 - generic - INFO    - Daily blacklist written: 0 scanners/attackers detected
2024-12-11 12:00:00 - generic - INFO    - Full blacklist written: 0 scanners/attackers detected
2024-12-11 12:00:00 - generic - INFO    - Weekly blacklist written: 0 scanners/attackers detected
2024-12-11 12:00:00 - generic - INFO    - Daily blacklist written: 0 scanners/attackers detected
2024-12-12 12:00:00 - generic - INFO    - Full blacklist written: 0 scanners/attackers detected
2024-12-12 12:00:00 - generic - INFO    - Weekly blacklist written: 0 scanners/attackers detected
2024-12-12 12:00:00 - generic - INFO    - Daily blacklist written: 0 scanners/attackers detected
2024-12-13 12:00:00 - generic - INFO    - Full blacklist written: 0 scanners/attackers detected
2024-12-13 12:00:00 - generic - INFO    - Weekly blacklist written: 0 scanners/attackers detected
2024-12-13 12:00:00 - generic - INFO    - Daily blacklist written: 0 scanners/attackers detected
2024-12-14 12:00:01 - generic - INFO    - Full blacklist written: 0 scanners/attackers detected
2024-12-14 12:00:01 - generic - INFO    - Weekly blacklist written: 0 scanners/attackers detected
2024-12-14 12:00:01 - generic - INFO    - Daily blacklist written: 0 scanners/attackers detected
2024-12-15 12:00:00 - generic - INFO    - Full blacklist written: 0 scanners/attackers detected
2024-12-15 12:00:00 - generic - INFO    - Weekly blacklist written: 0 scanners/attackers detected
2024-12-15 12:00:00 - generic - INFO    - Daily blacklist written: 0 scanners/attackers detected
2024-12-16 12:00:00 - generic - INFO    - Full blacklist written: 0 scanners/attackers detected
2024-12-16 12:00:00 - generic - INFO    - Weekly blacklist written: 0 scanners/attackers detected
2024-12-16 12:00:00 - generic - INFO    - Daily blacklist written: 0 scanners/attackers detected
2024-12-17 12:00:00 - generic - INFO    - Full blacklist written: 0 scanners/attackers detected
2024-12-17 12:00:00 - generic - INFO    - Weekly blacklist written: 0 scanners/attackers detected
2024-12-17 12:00:00 - generic - INFO    - Daily blacklist written: 0 scanners/attackers detected
2024-12-18 12:00:00 - generic - INFO    - Full blacklist written: 0 scanners/attackers detected
2024-12-18 12:00:00 - generic - INFO    - Weekly blacklist written: 0 scanners/attackers detected
2024-12-18 12:00:00 - generic - INFO    - Daily blacklist written: 0 scanners/attackers detected
