2024-12-09 19:07:31 - ntp   - INFO    - Full blacklist written: 0 scanners/attackers detected
2024-12-09 19:07:31 - ntp   - INFO    - Weekly blacklist written: 0 scanners/attackers detected
2024-12-09 19:07:31 - ntp   - INFO    - Daily blacklist written: 0 scanners/attackers detected
2024-12-09 19:07:31 - ntp   - INFO    - Restored previous DB state - 0 unique IPs loaded
2024-12-09 19:07:31 - ntp   - INFO    - NTPot started at 0.0.0.0:123
2024-12-10 13:00:00 - ntp   - INFO    - Full blacklist written: 0 scanners/attackers detected
2024-12-10 13:00:00 - ntp   - INFO    - Weekly blacklist written: 0 scanners/attackers detected
2024-12-10 13:00:00 - ntp   - INFO    - Daily blacklist written: 0 scanners/attackers detected
2024-12-10 13:00:00 - ntp   - INFO    - Full blacklist written: 0 scanners/attackers detected
2024-12-10 13:00:00 - ntp   - INFO    - Weekly blacklist written: 0 scanners/attackers detected
2024-12-10 13:00:00 - ntp   - INFO    - Daily blacklist written: 0 scanners/attackers detected
2024-12-11 13:00:00 - ntp   - INFO    - Full blacklist written: 0 scanners/attackers detected
2024-12-11 13:00:00 - ntp   - INFO    - Weekly blacklist written: 0 scanners/attackers detected
2024-12-11 13:00:00 - ntp   - INFO    - Daily blacklist written: 0 scanners/attackers detected
2024-12-12 13:00:00 - ntp   - INFO    - Full blacklist written: 0 scanners/attackers detected
2024-12-12 13:00:00 - ntp   - INFO    - Weekly blacklist written: 0 scanners/attackers detected
2024-12-12 13:00:00 - ntp   - INFO    - Daily blacklist written: 0 scanners/attackers detected
2024-12-13 13:00:00 - ntp   - INFO    - Full blacklist written: 0 scanners/attackers detected
2024-12-13 13:00:00 - ntp   - INFO    - Weekly blacklist written: 0 scanners/attackers detected
2024-12-13 13:00:00 - ntp   - INFO    - Daily blacklist written: 0 scanners/attackers detected
2024-12-14 13:00:00 - ntp   - INFO    - Full blacklist written: 0 scanners/attackers detected
2024-12-14 13:00:00 - ntp   - INFO    - Weekly blacklist written: 0 scanners/attackers detected
2024-12-14 13:00:00 - ntp   - INFO    - Daily blacklist written: 0 scanners/attackers detected
2024-12-15 13:00:00 - ntp   - INFO    - Full blacklist written: 0 scanners/attackers detected
2024-12-15 13:00:00 - ntp   - INFO    - Weekly blacklist written: 0 scanners/attackers detected
2024-12-15 13:00:00 - ntp   - INFO    - Daily blacklist written: 0 scanners/attackers detected
2024-12-16 13:00:01 - ntp   - INFO    - Full blacklist written: 0 scanners/attackers detected
2024-12-16 13:00:01 - ntp   - INFO    - Weekly blacklist written: 0 scanners/attackers detected
2024-12-16 13:00:01 - ntp   - INFO    - Daily blacklist written: 0 scanners/attackers detected
2024-12-17 13:00:00 - ntp   - INFO    - Full blacklist written: 0 scanners/attackers detected
2024-12-17 13:00:00 - ntp   - INFO    - Weekly blacklist written: 0 scanners/attackers detected
2024-12-17 13:00:00 - ntp   - INFO    - Daily blacklist written: 0 scanners/attackers detected
2024-12-18 13:00:00 - ntp   - INFO    - Full blacklist written: 0 scanners/attackers detected
2024-12-18 13:00:00 - ntp   - INFO    - Weekly blacklist written: 0 scanners/attackers detected
2024-12-18 13:00:00 - ntp   - INFO    - Daily blacklist written: 0 scanners/attackers detected
