2024-12-09 19:07:31 - ssdp  - INFO    - Full blacklist written: 0 scanners/attackers detected
2024-12-09 19:07:31 - ssdp  - INFO    - Weekly blacklist written: 0 scanners/attackers detected
2024-12-09 19:07:31 - ssdp  - INFO    - Daily blacklist written: 0 scanners/attackers detected
2024-12-09 19:07:31 - ssdp  - INFO    - Restored previous DB state - 0 unique IPs loaded
2024-12-09 19:07:31 - ssdp  - INFO    - SSDPot started at 0.0.0.0:1900
2024-12-10 14:00:02 - ssdp  - INFO    - Full blacklist written: 0 scanners/attackers detected
2024-12-10 14:00:02 - ssdp  - INFO    - Weekly blacklist written: 0 scanners/attackers detected
2024-12-10 14:00:02 - ssdp  - INFO    - Daily blacklist written: 0 scanners/attackers detected
2024-12-11 14:00:00 - ssdp  - INFO    - Full blacklist written: 0 scanners/attackers detected
2024-12-11 14:00:00 - ssdp  - INFO    - Weekly blacklist written: 0 scanners/attackers detected
2024-12-11 14:00:00 - ssdp  - INFO    - Daily blacklist written: 0 scanners/attackers detected
2024-12-12 14:00:00 - ssdp  - INFO    - Full blacklist written: 0 scanners/attackers detected
2024-12-12 14:00:00 - ssdp  - INFO    - Weekly blacklist written: 0 scanners/attackers detected
2024-12-12 14:00:00 - ssdp  - INFO    - Daily blacklist written: 0 scanners/attackers detected
2024-12-13 14:00:00 - ssdp  - INFO    - Full blacklist written: 0 scanners/attackers detected
2024-12-13 14:00:00 - ssdp  - INFO    - Weekly blacklist written: 0 scanners/attackers detected
2024-12-13 14:00:00 - ssdp  - INFO    - Daily blacklist written: 0 scanners/attackers detected
2024-12-14 14:00:01 - ssdp  - INFO    - Full blacklist written: 0 scanners/attackers detected
2024-12-14 14:00:01 - ssdp  - INFO    - Weekly blacklist written: 0 scanners/attackers detected
2024-12-14 14:00:01 - ssdp  - INFO    - Daily blacklist written: 0 scanners/attackers detected
2024-12-15 14:00:00 - ssdp  - INFO    - Full blacklist written: 0 scanners/attackers detected
2024-12-15 14:00:00 - ssdp  - INFO    - Weekly blacklist written: 0 scanners/attackers detected
2024-12-15 14:00:00 - ssdp  - INFO    - Daily blacklist written: 0 scanners/attackers detected
2024-12-16 14:00:00 - ssdp  - INFO    - Full blacklist written: 0 scanners/attackers detected
2024-12-16 14:00:00 - ssdp  - INFO    - Weekly blacklist written: 0 scanners/attackers detected
2024-12-16 14:00:00 - ssdp  - INFO    - Daily blacklist written: 0 scanners/attackers detected
2024-12-17 14:00:00 - ssdp  - INFO    - Full blacklist written: 0 scanners/attackers detected
2024-12-17 14:00:00 - ssdp  - INFO    - Weekly blacklist written: 0 scanners/attackers detected
2024-12-17 14:00:00 - ssdp  - INFO    - Daily blacklist written: 0 scanners/attackers detected
2024-12-18 14:00:00 - ssdp  - INFO    - Full blacklist written: 0 scanners/attackers detected
2024-12-18 14:00:00 - ssdp  - INFO    - Weekly blacklist written: 0 scanners/attackers detected
2024-12-18 14:00:00 - ssdp  - INFO    - Daily blacklist written: 0 scanners/attackers detected
2024-12-18 14:00:00 - ssdp  - INFO    - Full blacklist written: 0 scanners/attackers detected
2024-12-18 14:00:00 - ssdp  - INFO    - Weekly blacklist written: 0 scanners/attackers detected
2024-12-18 14:00:00 - ssdp  - INFO    - Daily blacklist written: 0 scanners/attackers detected
